0(82) : warning C7022: unrecognized profile specifier "ps_texcoord"
0(82) : error C0000: syntax error, unexpected identifier, expecting '(' at token "LinearStep"
0(98) : error C1503: undefined variable "depthcoord"
0(98) : error C1503: undefined variable "momments"
0(101) : error C1503: undefined variable "momments"
0(101) : error C1503: undefined variable "momments"
0(101) : error C1503: undefined variable "momments"
0(102) : error C0000: syntax error, unexpected '=', expecting "::" at token "="
0(104) : error C1503: undefined variable "depthcoord"
0(104) : error C1503: undefined variable "momments"
0(106) : error C0000: syntax error, unexpected reserved word "return" at token "return"
0(114) : error C1503: undefined variable "depthcoord"
0(114) : error C1503: undefined variable "momments"
0(114) : error C1038: declaration of "diff" conflicts with previous declaration at 0(98)
0(115) : error C1038: declaration of "sgn" conflicts with previous declaration at 0(99)
0(117) : error C1503: undefined variable "momments"
0(117) : error C1503: undefined variable "momments"
0(117) : error C1503: undefined variable "momments"
0(117) : error C1038: declaration of "variance" conflicts with previous declaration at 0(101)
0(118) : error C0000: syntax error, unexpected '=', expecting "::" at token "="
0(120) : error C1503: undefined variable "depthcoord"
0(120) : error C1503: undefined variable "momments"
0(120) : error C1038: declaration of "d" conflicts with previous declaration at 0(104)
0(121) : error C1038: declaration of "p_max" conflicts with previous declaration at 0(105)
0(122) : error C0000: syntax error, unexpected reserved word "return" at token "return"
0(132) : error C1503: undefined variable "lightDir"
0(132) : error C1503: undefined variable "v_normal"
0(138) : error C1503: undefined variable "eyeVec"
0(141) : error C0000: syntax error, unexpected reserved word "return" at token "return"
0(148) : error C1503: undefined variable "l_origin"
0(148) : error C1503: undefined variable "v_origin"
0(151) : error C1503: undefined variable "rad"
0(153) : error C0000: syntax error, unexpected '=', expecting "::" at token "="
0(155) : error C1503: undefined variable "v_normal"
0(157) : error C0000: syntax error, unexpected '=', expecting "::" at token "="
0(159) : error C0000: syntax error, unexpected '.', expecting "::" at token "."
0(168) : error C1503: undefined variable "DepthTestCube"
0(168) : error C1503: undefined variable "fldistance"
0(168) : error C1503: undefined variable "l_shadowmap"
0(168) : error C1503: undefined variable "v_coord"
0(169) : error C0000: syntax error, unexpected reserved word "return" at token "return"
0(175) : error C1503: undefined variable "l_origin"
0(175) : error C1503: undefined variable "v_origin"
0(175) : error C1038: declaration of "dir" conflicts with previous declaration at 0(148)
0(177) : error C1038: declaration of "dist" conflicts with previous declaration at 0(150)
0(178) : error C1503: undefined variable "rad"
0(178) : error C1038: declaration of "attn" conflicts with previous declaration at 0(151)
0(179) : error C0000: syntax error, unexpected '=', expecting "::" at token "="
0(182) : error C1503: undefined variable "v_normal"
0(182) : error C1038: declaration of "dp" conflicts with previous declaration at 0(155)
0(183) : error C1503: undefined variable "v_coord"
0(185) : error C1503: undefined variable "l_texture"
0(187) : error C1038: declaration of "outColor" conflicts with previous declaration at 0(158)
0(188) : error C0000: syntax error, unexpected '.', expecting "::" at token "."
0(196) : error C1503: undefined variable "l_origin"
0(196) : error C1503: undefined variable "v_origin"
0(196) : error C1503: undefined variable "l_radius"
0(197) : error C1503: undefined variable "DepthTestProj"
0(197) : error C1503: undefined variable "l_shadowmap"
0(197) : error C1038: declaration of "flresult" conflicts with previous declaration at 0(168)
0(198) : error C0000: syntax error, unexpected reserved word "return" at token "return"
0(227) : error C1503: undefined variable "depth"
0(227) : error C1503: undefined variable "depth"
0(227) : error C1503: undefined variable "depth"
0(228) : error C1503: undefined variable "depth"
0(229) : error C1503: undefined variable "depth"
0(230) : error C0000: syntax error, unexpected '.', expecting "::" at token "."
0(235) : error C0000: syntax error, unexpected '.', expecting "::" at token "."
0(274) : error C1503: undefined variable "f_params"
0(274) : error C1503: undefined variable "fp_fogcoord"
0(274) : error C1503: undefined variable "f_params"
0(275) : error C0000: syntax error, unexpected '=', expecting "::" at token "="
0(304) : error C1503: undefined variable "GetDiffuseLight"
0(305) : error C1503: undefined variable "AddBaseLight"
0(305) : error C1503: undefined variable "lightDir"
0(305) : error C1503: undefined variable "v_normal"
0(305) : error C1038: declaration of "finalColor" conflicts with previous declaration at 0(234)
0(307) : error C1503: undefined variable "ps_parallaxcoord"
0(307) : error C1038: declaration of "texColor" conflicts with previous declaration at 0(185)
0(310) : error C0000: syntax error, unexpected '=', expecting "::" at token "="
0(318) : error C1503: undefined variable "GetDiffuseLight"
0(318) : error C1038: declaration of "lightDiffuse" conflicts with previous declaration at 0(304)
0(321) : error C1038: declaration of "tbnMatrix" conflicts with previous declaration at 0(79)
0(322) : error C1503: undefined variable "lightDir"
0(322) : error C1503: undefined variable "lightDir"
0(322) : error C1503: undefined variable "lightDir"
0(323) : error C1503: undefined variable "v_normal"
0(325) : error C1503: undefined variable "v_origin"
0(326) : error C1503: undefined variable "CalcSpecular"
0(326) : error C1503: undefined variable "v_origin"
0(326) : error C1503: undefined variable "specularStrength"
0(328) : error C1038: declaration of "finalColor" conflicts with previous declaration at 0(234)
0(329) : error C0000: syntax error, unexpected reserved word "return" at token "return"
0(341) : error C1038: declaration of "finalColor" conflicts with previous declaration at 0(234)
0(343) : error C1503: undefined variable "GetTangentSpaceNormal"
0(343) : error C1503: undefined variable "ps_parallaxcoord"
0(344) : error C0000: syntax error, unexpected '=', expecting "::" at token "="
